This file contains any messages produced by compilers while
running configure, to aid debugging if configure makes a mistake.

It was created by libcoap configure 4.3.4, which was
generated by GNU Autoconf 2.71.  Invocation command line was

  $ ./configure

## --------- ##
## Platform. ##
## --------- ##

hostname = chokyungsoo-virtual-machine
uname -m = x86_64
uname -r = 6.2.0-37-generic
uname -s = Linux
uname -v = #38~22.04.1-Ubuntu SMP PREEMPT_DYNAMIC Thu Nov  2 18:01:13 UTC 2

/usr/bin/uname -p = x86_64
/bin/uname -X     = unknown

/bin/arch              = x86_64
/usr/bin/arch -k       = unknown
/usr/convex/getsysinfo = unknown
/usr/bin/hostinfo      = unknown
/bin/machine           = unknown
/usr/bin/oslevel       = unknown
/bin/universe          = unknown

PATH: /usr/local/sbin/
PATH: /usr/local/bin/
PATH: /usr/sbin/
PATH: /usr/bin/
PATH: /sbin/
PATH: /bin/
PATH: /usr/games/
PATH: /usr/local/games/
PATH: /snap/bin/
PATH: /snap/bin/


## ----------- ##
## Core tests. ##
## ----------- ##

configure:2701: looking for aux files: config.guess config.sub ltmain.sh ar-lib compile missing install-sh
configure:2714:  trying ./
configure:2743:   ./config.guess found
configure:2743:   ./config.sub found
configure:2743:   ./ltmain.sh found
configure:2743:   ./ar-lib found
configure:2743:   ./compile found
configure:2743:   ./missing found
configure:2725:   ./install-sh found
configure:2873: checking for a BSD-compatible install
configure:2946: result: /usr/bin/install -c
configure:2957: checking whether build environment is sane
configure:3012: result: yes
configure:3171: checking for a race-free mkdir -p
configure:3215: result: /usr/bin/mkdir -p
configure:3222: checking for gawk
configure:3257: result: no
configure:3222: checking for mawk
configure:3243: found /usr/bin/mawk
configure:3254: result: mawk
configure:3265: checking whether make sets $(MAKE)
configure:3288: result: yes
configure:3318: checking whether make supports nested variables
configure:3336: result: yes
configure:3526: checking for pkg-config
configure:3549: found /usr/bin/pkg-config
configure:3561: result: /usr/bin/pkg-config
configure:3586: checking pkg-config is at least version 0.20
configure:3589: result: yes
configure:3609: checking whether make supports nested variables
configure:3627: result: yes
configure:3639: checking whether to enable assertions
configure:3660: result: yes
configure:3732: checking for gcc
configure:3753: found /usr/bin/gcc
configure:3764: result: gcc
configure:4117: checking for C compiler version
configure:4126: gcc --version >&5
gcc (Ubuntu 11.4.0-1ubuntu1~22.04) 11.4.0
Copyright (C) 2021 Free Software Foundation, Inc.
This is free software; see the source for copying conditions.  There is NO
warranty; not even for MERCHANTABILITY or FITNESS FOR A PARTICULAR PURPOSE.

configure:4137: $? = 0
configure:4126: gcc -v >&5
Using built-in specs.
COLLECT_GCC=gcc
COLLECT_LTO_WRAPPER=/usr/lib/gcc/x86_64-linux-gnu/11/lto-wrapper
OFFLOAD_TARGET_NAMES=nvptx-none:amdgcn-amdhsa
OFFLOAD_TARGET_DEFAULT=1
Target: x86_64-linux-gnu
Configured with: ../src/configure -v --with-pkgversion='Ubuntu 11.4.0-1ubuntu1~22.04' --with-bugurl=file:///usr/share/doc/gcc-11/README.Bugs --enable-languages=c,ada,c++,go,brig,d,fortran,objc,obj-c++,m2 --prefix=/usr --with-gcc-major-version-only --program-suffix=-11 --program-prefix=x86_64-linux-gnu- --enable-shared --enable-linker-build-id --libexecdir=/usr/lib --without-included-gettext --enable-threads=posix --libdir=/usr/lib --enable-nls --enable-bootstrap --enable-clocale=gnu --enable-libstdcxx-debug --enable-libstdcxx-time=yes --with-default-libstdcxx-abi=new --enable-gnu-unique-object --disable-vtable-verify --enable-plugin --enable-default-pie --with-system-zlib --enable-libphobos-checking=release --with-target-system-zlib=auto --enable-objc-gc=auto --enable-multiarch --disable-werror --enable-cet --with-arch-32=i686 --with-abi=m64 --with-multilib-list=m32,m64,mx32 --enable-multilib --with-tune=generic --enable-offload-targets=nvptx-none=/build/gcc-11-XeT9lY/gcc-11-11.4.0/debian/tmp-nvptx/usr,amdgcn-amdhsa=/build/gcc-11-XeT9lY/gcc-11-11.4.0/debian/tmp-gcn/usr --without-cuda-driver --enable-checking=release --build=x86_64-linux-gnu --host=x86_64-linux-gnu --target=x86_64-linux-gnu --with-build-config=bootstrap-lto-lean --enable-link-serialization=2
Thread model: posix
Supported LTO compression algorithms: zlib zstd
gcc version 11.4.0 (Ubuntu 11.4.0-1ubuntu1~22.04) 
... rest of stderr output deleted ...
configure:4137: $? = 0
configure:4126: gcc -V >&5
gcc: error: unrecognized command-line option '-V'
gcc: fatal error: no input files
compilation terminated.
configure:4137: $? = 1
configure:4126: gcc -qversion >&5
gcc: error: unrecognized command-line option '-qversion'; did you mean '--version'?
gcc: fatal error: no input files
compilation terminated.
configure:4137: $? = 1
configure:4126: gcc -version >&5
gcc: error: unrecognized command-line option '-version'
gcc: fatal error: no input files
compilation terminated.
configure:4137: $? = 1
configure:4157: checking whether the C compiler works
configure:4179: gcc    conftest.c  >&5
configure:4183: $? = 0
configure:4233: result: yes
configure:4236: checking for C compiler default output file name
configure:4238: result: a.out
configure:4244: checking for suffix of executables
configure:4251: gcc -o conftest    conftest.c  >&5
configure:4255: $? = 0
configure:4278: result: 
configure:4300: checking whether we are cross compiling
configure:4308: gcc -o conftest    conftest.c  >&5
configure:4312: $? = 0
configure:4319: ./conftest
configure:4323: $? = 0
configure:4338: result: no
configure:4343: checking for suffix of object files
configure:4366: gcc -c   conftest.c >&5
configure:4370: $? = 0
configure:4392: result: o
configure:4396: checking whether the compiler supports GNU C
configure:4416: gcc -c   conftest.c >&5
configure:4416: $? = 0
configure:4426: result: yes
configure:4437: checking whether gcc accepts -g
configure:4458: gcc -c -g  conftest.c >&5
configure:4458: $? = 0
configure:4502: result: yes
configure:4522: checking for gcc option to enable C11 features
configure:4537: gcc  -c -g -O2  conftest.c >&5
configure:4537: $? = 0
configure:4555: result: none needed
configure:4671: checking whether gcc understands -c and -o together
configure:4694: gcc -c conftest.c -o conftest2.o
configure:4697: $? = 0
configure:4694: gcc -c conftest.c -o conftest2.o
configure:4697: $? = 0
configure:4709: result: yes
configure:4729: checking whether make supports the include directive
configure:4744: make -f confmf.GNU && cat confinc.out
this is the am__doit target
configure:4747: $? = 0
configure:4766: result: yes (GNU style)
configure:4792: checking dependency style of gcc
configure:4904: result: gcc3
configure:4920: checking for a sed that does not truncate output
configure:4990: result: /usr/bin/sed
configure:5053: checking for ar
configure:5074: found /usr/bin/ar
configure:5085: result: ar
configure:5111: checking the archiver (ar) interface
configure:5128: gcc -c -g -O2  conftest.c >&5
configure:5128: $? = 0
configure:5131: ar cru libconftest.a conftest.o >&5
ar: `u' modifier ignored since `D' is the default (see `U')
configure:5134: $? = 0
configure:5162: result: ar
configure:5182: checking whether ln -s works
configure:5186: result: yes
configure:5199: checking for stdio.h
configure:5199: gcc -c -g -O2  conftest.c >&5
configure:5199: $? = 0
configure:5199: result: yes
configure:5199: checking for stdlib.h
configure:5199: gcc -c -g -O2  conftest.c >&5
configure:5199: $? = 0
configure:5199: result: yes
configure:5199: checking for string.h
configure:5199: gcc -c -g -O2  conftest.c >&5
configure:5199: $? = 0
configure:5199: result: yes
configure:5199: checking for inttypes.h
configure:5199: gcc -c -g -O2  conftest.c >&5
configure:5199: $? = 0
configure:5199: result: yes
configure:5199: checking for stdint.h
configure:5199: gcc -c -g -O2  conftest.c >&5
configure:5199: $? = 0
configure:5199: result: yes
configure:5199: checking for strings.h
configure:5199: gcc -c -g -O2  conftest.c >&5
configure:5199: $? = 0
configure:5199: result: yes
configure:5199: checking for sys/stat.h
configure:5199: gcc -c -g -O2  conftest.c >&5
configure:5199: $? = 0
configure:5199: result: yes
configure:5199: checking for sys/types.h
configure:5199: gcc -c -g -O2  conftest.c >&5
configure:5199: $? = 0
configure:5199: result: yes
configure:5199: checking for unistd.h
configure:5199: gcc -c -g -O2  conftest.c >&5
configure:5199: $? = 0
configure:5199: result: yes
configure:5224: checking whether byte ordering is bigendian
configure:5240: gcc -c -g -O2  conftest.c >&5
conftest.c:20:16: error: unknown type name 'not'
   20 |                not a universal capable compiler
      |                ^~~
conftest.c:20:22: error: expected '=', ',', ';', 'asm' or '__attribute__' before 'universal'
   20 |                not a universal capable compiler
      |                      ^~~~~~~~~
conftest.c:20:22: error: unknown type name 'universal'
configure:5240: $? = 1
configure: failed program was:
| /* confdefs.h */
| #define PACKAGE_NAME "libcoap"
| #define PACKAGE_TARNAME "libcoap"
| #define PACKAGE_VERSION "4.3.4"
| #define PACKAGE_STRING "libcoap 4.3.4"
| #define PACKAGE_BUGREPORT "libcoap-developers@lists.sourceforge.net"
| #define PACKAGE_URL "https://libcoap.net/"
| #define HAVE_STDIO_H 1
| #define HAVE_STDLIB_H 1
| #define HAVE_STRING_H 1
| #define HAVE_INTTYPES_H 1
| #define HAVE_STDINT_H 1
| #define HAVE_STRINGS_H 1
| #define HAVE_SYS_STAT_H 1
| #define HAVE_SYS_TYPES_H 1
| #define HAVE_UNISTD_H 1
| #define STDC_HEADERS 1
| /* end confdefs.h.  */
| #ifndef __APPLE_CC__
| 	       not a universal capable compiler
| 	     #endif
| 	     typedef int dummy;
| 
configure:5286: gcc -c -g -O2  conftest.c >&5
configure:5286: $? = 0
configure:5305: gcc -c -g -O2  conftest.c >&5
conftest.c: In function 'main':
conftest.c:26:18: error: unknown type name 'not'; did you mean 'ino_t'?
   26 |                  not big endian
      |                  ^~~
      |                  ino_t
conftest.c:26:26: error: expected '=', ',', ';', 'asm' or '__attribute__' before 'endian'
   26 |                  not big endian
      |                          ^~~~~~
configure:5305: $? = 1
configure: failed program was:
| /* confdefs.h */
| #define PACKAGE_NAME "libcoap"
| #define PACKAGE_TARNAME "libcoap"
| #define PACKAGE_VERSION "4.3.4"
| #define PACKAGE_STRING "libcoap 4.3.4"
| #define PACKAGE_BUGREPORT "libcoap-developers@lists.sourceforge.net"
| #define PACKAGE_URL "https://libcoap.net/"
| #define HAVE_STDIO_H 1
| #define HAVE_STDLIB_H 1
| #define HAVE_STRING_H 1
| #define HAVE_INTTYPES_H 1
| #define HAVE_STDINT_H 1
| #define HAVE_STRINGS_H 1
| #define HAVE_SYS_STAT_H 1
| #define HAVE_SYS_TYPES_H 1
| #define HAVE_UNISTD_H 1
| #define STDC_HEADERS 1
| /* end confdefs.h.  */
| #include <sys/types.h>
| 		#include <sys/param.h>
| 
| int
| main (void)
| {
| #if BYTE_ORDER != BIG_ENDIAN
| 		 not big endian
| 		#endif
| 
|   ;
|   return 0;
| }
configure:5439: result: no
configure:5491: checking build system type
configure:5506: result: x86_64-pc-linux-gnu
configure:5526: checking host system type
configure:5540: result: x86_64-pc-linux-gnu
configure:5581: checking how to print strings
configure:5608: result: printf
configure:5629: checking for a sed that does not truncate output
configure:5699: result: /usr/bin/sed
configure:5717: checking for grep that handles long lines and -e
configure:5781: result: /usr/bin/grep
configure:5786: checking for egrep
configure:5854: result: /usr/bin/grep -E
configure:5859: checking for fgrep
configure:5927: result: /usr/bin/grep -F
configure:5963: checking for ld used by gcc
configure:6031: result: /usr/bin/ld
configure:6038: checking if the linker (/usr/bin/ld) is GNU ld
configure:6054: result: yes
configure:6066: checking for BSD- or MS-compatible name lister (nm)
configure:6121: result: /usr/bin/nm -B
configure:6261: checking the name lister (/usr/bin/nm -B) interface
configure:6269: gcc -c -g -O2  conftest.c >&5
configure:6272: /usr/bin/nm -B "conftest.o"
configure:6275: output
0000000000000000 B some_variable
configure:6282: result: BSD nm
configure:6286: checking the maximum length of command line arguments
configure:6418: result: 1572864
configure:6466: checking how to convert x86_64-pc-linux-gnu file names to x86_64-pc-linux-gnu format
configure:6507: result: func_convert_file_noop
configure:6514: checking how to convert x86_64-pc-linux-gnu file names to toolchain format
configure:6535: result: func_convert_file_noop
configure:6542: checking for /usr/bin/ld option to reload object files
configure:6550: result: -r
configure:6629: checking for objdump
configure:6650: found /usr/bin/objdump
configure:6661: result: objdump
configure:6693: checking how to recognize dependent libraries
configure:6894: result: pass_all
configure:6984: checking for dlltool
configure:7019: result: no
configure:7049: checking how to associate runtime and link libraries
configure:7077: result: printf %s\n
configure:7211: checking for archiver @FILE support
configure:7229: gcc -c -g -O2  conftest.c >&5
configure:7229: $? = 0
configure:7233: ar cr libconftest.a @conftest.lst >&5
configure:7236: $? = 0
configure:7241: ar cr libconftest.a @conftest.lst >&5
ar: conftest.o: No such file or directory
configure:7244: $? = 1
configure:7256: result: @
configure:7319: checking for strip
configure:7340: found /usr/bin/strip
configure:7351: result: strip
configure:7428: checking for ranlib
configure:7449: found /usr/bin/ranlib
configure:7460: result: ranlib
configure:7562: checking command to parse /usr/bin/nm -B output from gcc object
configure:7716: gcc -c -g -O2  conftest.c >&5
configure:7719: $? = 0
configure:7723: /usr/bin/nm -B conftest.o | sed -n -e 's/^.*[	 ]\([ABCDGIRSTW][ABCDGIRSTW]*\)[	 ][	 ]*\([_A-Za-z][_A-Za-z0-9]*\)$/\1 \2 \2/p' | sed '/ __gnu_lto/d' > conftest.nm
configure:7789: gcc -o conftest -g -O2   conftest.c conftstm.o >&5
configure:7792: $? = 0
configure:7830: result: ok
configure:7877: checking for sysroot
configure:7908: result: no
configure:7915: checking for a working dd
configure:7959: result: /usr/bin/dd
configure:7963: checking how to truncate binary pipes
configure:7979: result: /usr/bin/dd bs=4096 count=1
configure:8116: gcc -c -g -O2  conftest.c >&5
configure:8119: $? = 0
configure:8316: checking for mt
configure:8337: found /usr/bin/mt
configure:8348: result: mt
configure:8371: checking if mt is a manifest tool
configure:8378: mt '-?'
configure:8386: result: no
configure:9112: checking for dlfcn.h
configure:9112: gcc -c -g -O2  conftest.c >&5
configure:9112: $? = 0
configure:9112: result: yes
configure:9369: checking for objdir
configure:9385: result: .libs
configure:9649: checking if gcc supports -fno-rtti -fno-exceptions
configure:9668: gcc -c -g -O2  -fno-rtti -fno-exceptions conftest.c >&5
cc1: warning: command-line option '-fno-rtti' is valid for C++/D/ObjC++ but not for C
configure:9672: $? = 0
configure:9685: result: no
configure:10049: checking for gcc option to produce PIC
configure:10057: result: -fPIC -DPIC
configure:10065: checking if gcc PIC flag -fPIC -DPIC works
configure:10084: gcc -c -g -O2  -fPIC -DPIC -DPIC conftest.c >&5
configure:10088: $? = 0
configure:10101: result: yes
configure:10130: checking if gcc static flag -static works
configure:10159: result: yes
configure:10174: checking if gcc supports -c -o file.o
configure:10196: gcc -c -g -O2  -o out/conftest2.o conftest.c >&5
configure:10200: $? = 0
configure:10222: result: yes
configure:10230: checking if gcc supports -c -o file.o
configure:10278: result: yes
configure:10311: checking whether the gcc linker (/usr/bin/ld -m elf_x86_64) supports shared libraries
configure:11581: result: yes
configure:11618: checking whether -lc should be explicitly linked in
configure:11627: gcc -c -g -O2  conftest.c >&5
configure:11630: $? = 0
configure:11645: gcc -shared  -fPIC -DPIC conftest.o  -v -Wl,-soname -Wl,conftest -o conftest 2\>\&1 \| /usr/bin/grep  -lc  \>/dev/null 2\>\&1
configure:11648: $? = 0
configure:11662: result: no
configure:11822: checking dynamic linker characteristics
configure:12404: gcc -o conftest -g -O2   -Wl,-rpath -Wl,/foo conftest.c  >&5
configure:12404: $? = 0
configure:12655: result: GNU/Linux ld.so
configure:12777: checking how to hardcode library paths into programs
configure:12802: result: immediate
configure:13354: checking whether stripping libraries is possible
configure:13359: result: yes
configure:13394: checking if libtool supports shared libraries
configure:13396: result: yes
configure:13399: checking whether to build shared libraries
configure:13424: result: yes
configure:13427: checking whether to build static libraries
configure:13431: result: yes
configure:13616: checking whether C compiler accepts -Wlogical-op
configure:13636: gcc -c -g -O2 -Werror -Wlogical-op  conftest.c >&5
configure:13636: $? = 0
configure:13645: result: yes
configure:13654: checking whether C compiler accepts -fdiagnostics-color
configure:13674: gcc -c -g -O2 -Werror -fdiagnostics-color  conftest.c >&5
configure:13674: $? = 0
configure:13683: result: yes
configure:13692: checking whether C compiler accepts -Wunused-result
configure:13712: gcc -c -g -O2 -fdiagnostics-color  -Wunused-result  conftest.c >&5
configure:13712: $? = 0
configure:13721: result: yes
configure:13739: checking whether the linker accepts -Wl,--version-script=./libcoap-3.map
configure:13759: gcc -o conftest -g -O2 -fdiagnostics-color    -Wl,--version-script=./libcoap-3.map conftest.c  >&5
configure:13759: $? = 0
configure:13770: result: yes
configure:13827: checking for doxygen
configure:13865: result: no
configure:13875: WARNING: ==> You want to build the doxygen documentation but doxygen was not found!
configure:13877: error: ==> Install the package that contains doxygen or disable the doxygen documentation using '--disable-doxygen'.

## ---------------- ##
## Cache variables. ##
## ---------------- ##

ac_cv_build=x86_64-pc-linux-gnu
ac_cv_c_bigendian=no
ac_cv_c_compiler_gnu=yes
ac_cv_env_A2X_set=
ac_cv_env_A2X_value=
ac_cv_env_CC_set=
ac_cv_env_CC_value=
ac_cv_env_CFLAGS_set=
ac_cv_env_CFLAGS_value=
ac_cv_env_CPPFLAGS_set=
ac_cv_env_CPPFLAGS_value=
ac_cv_env_CTAGS_PROG_set=
ac_cv_env_CTAGS_PROG_value=
ac_cv_env_CUNIT_CFLAGS_set=
ac_cv_env_CUNIT_CFLAGS_value=
ac_cv_env_CUNIT_LIBS_set=
ac_cv_env_CUNIT_LIBS_value=
ac_cv_env_GnuTLS_CFLAGS_set=
ac_cv_env_GnuTLS_CFLAGS_value=
ac_cv_env_GnuTLS_LIBS_set=
ac_cv_env_GnuTLS_LIBS_value=
ac_cv_env_LDFLAGS_set=
ac_cv_env_LDFLAGS_value=
ac_cv_env_LIBS_set=
ac_cv_env_LIBS_value=
ac_cv_env_LT_SYS_LIBRARY_PATH_set=
ac_cv_env_LT_SYS_LIBRARY_PATH_value=
ac_cv_env_OpenSSL_CFLAGS_set=
ac_cv_env_OpenSSL_CFLAGS_value=
ac_cv_env_OpenSSL_LIBS_set=
ac_cv_env_OpenSSL_LIBS_value=
ac_cv_env_PKG_CONFIG_LIBDIR_set=
ac_cv_env_PKG_CONFIG_LIBDIR_value=
ac_cv_env_PKG_CONFIG_PATH_set=
ac_cv_env_PKG_CONFIG_PATH_value=
ac_cv_env_PKG_CONFIG_set=
ac_cv_env_PKG_CONFIG_value=
ac_cv_env_TinyDTLS_CFLAGS_set=
ac_cv_env_TinyDTLS_CFLAGS_value=
ac_cv_env_TinyDTLS_LIBS_set=
ac_cv_env_TinyDTLS_LIBS_value=
ac_cv_env_build_alias_set=
ac_cv_env_build_alias_value=
ac_cv_env_host_alias_set=
ac_cv_env_host_alias_value=
ac_cv_env_target_alias_set=
ac_cv_env_target_alias_value=
ac_cv_header_dlfcn_h=yes
ac_cv_header_inttypes_h=yes
ac_cv_header_stdint_h=yes
ac_cv_header_stdio_h=yes
ac_cv_header_stdlib_h=yes
ac_cv_header_string_h=yes
ac_cv_header_strings_h=yes
ac_cv_header_sys_stat_h=yes
ac_cv_header_sys_types_h=yes
ac_cv_header_unistd_h=yes
ac_cv_host=x86_64-pc-linux-gnu
ac_cv_objext=o
ac_cv_path_EGREP='/usr/bin/grep -E'
ac_cv_path_FGREP='/usr/bin/grep -F'
ac_cv_path_GREP=/usr/bin/grep
ac_cv_path_SED=/usr/bin/sed
ac_cv_path_ac_pt_PKG_CONFIG=/usr/bin/pkg-config
ac_cv_path_install='/usr/bin/install -c'
ac_cv_path_lt_DD=/usr/bin/dd
ac_cv_path_mkdir=/usr/bin/mkdir
ac_cv_prog_AWK=mawk
ac_cv_prog_ac_ct_AR=ar
ac_cv_prog_ac_ct_CC=gcc
ac_cv_prog_ac_ct_MANIFEST_TOOL=mt
ac_cv_prog_ac_ct_OBJDUMP=objdump
ac_cv_prog_ac_ct_RANLIB=ranlib
ac_cv_prog_ac_ct_STRIP=strip
ac_cv_prog_cc_c11=
ac_cv_prog_cc_g=yes
ac_cv_prog_cc_stdc=
ac_cv_prog_make_make_set=yes
am_cv_CC_dependencies_compiler_type=gcc3
am_cv_ar_interface=ar
am_cv_make_support_nested_variables=yes
am_cv_prog_cc_c_o=yes
ax_cv_check_cflags__Werror__Wlogical_op=yes
ax_cv_check_cflags__Werror__fdiagnostics_color=yes
ax_cv_check_cflags___Wunused_result=yes
ax_cv_check_ldflags___Wl___version_script___libcoap_3_map=yes
lt_cv_ar_at_file=@
lt_cv_archive_cmds_need_lc=no
lt_cv_deplibs_check_method=pass_all
lt_cv_file_magic_cmd='$MAGIC_CMD'
lt_cv_file_magic_test_file=
lt_cv_ld_reload_flag=-r
lt_cv_nm_interface='BSD nm'
lt_cv_objdir=.libs
lt_cv_path_LD=/usr/bin/ld
lt_cv_path_NM='/usr/bin/nm -B'
lt_cv_path_mainfest_tool=no
lt_cv_prog_compiler_c_o=yes
lt_cv_prog_compiler_pic='-fPIC -DPIC'
lt_cv_prog_compiler_pic_works=yes
lt_cv_prog_compiler_rtti_exceptions=no
lt_cv_prog_compiler_static_works=yes
lt_cv_prog_gnu_ld=yes
lt_cv_sharedlib_from_linklib_cmd='printf %s\n'
lt_cv_shlibpath_overrides_runpath=yes
lt_cv_sys_global_symbol_pipe='sed -n -e '\''s/^.*[	 ]\([ABCDGIRSTW][ABCDGIRSTW]*\)[	 ][	 ]*\([_A-Za-z][_A-Za-z0-9]*\)$/\1 \2 \2/p'\'' | sed '\''/ __gnu_lto/d'\'''
lt_cv_sys_global_symbol_to_c_name_address='sed -n -e '\''s/^: \(.*\) .*$/  {"\1", (void *) 0},/p'\'' -e '\''s/^[ABCDGIRSTW][ABCDGIRSTW]* .* \(.*\)$/  {"\1", (void *) \&\1},/p'\'''
lt_cv_sys_global_symbol_to_c_name_address_lib_prefix='sed -n -e '\''s/^: \(.*\) .*$/  {"\1", (void *) 0},/p'\'' -e '\''s/^[ABCDGIRSTW][ABCDGIRSTW]* .* \(lib.*\)$/  {"\1", (void *) \&\1},/p'\'' -e '\''s/^[ABCDGIRSTW][ABCDGIRSTW]* .* \(.*\)$/  {"lib\1", (void *) \&\1},/p'\'''
lt_cv_sys_global_symbol_to_cdecl='sed -n -e '\''s/^T .* \(.*\)$/extern int \1();/p'\'' -e '\''s/^[ABCDGIRSTW][ABCDGIRSTW]* .* \(.*\)$/extern char \1;/p'\'''
lt_cv_sys_global_symbol_to_import=
lt_cv_sys_max_cmd_len=1572864
lt_cv_to_host_file_cmd=func_convert_file_noop
lt_cv_to_tool_file_cmd=func_convert_file_noop
lt_cv_truncate_bin='/usr/bin/dd bs=4096 count=1'

## ----------------- ##
## Output variables. ##
## ----------------- ##

A2X=''
ACLOCAL='${SHELL} '\''/home/chokyungsoo/TinyIoT_COAP/source/server/libcoap/missing'\'' aclocal-1.16'
AMDEPBACKSLASH='\'
AMDEP_FALSE='#'
AMDEP_TRUE=''
AMTAR='$${TAR-tar}'
AM_BACKSLASH='\'
AM_DEFAULT_V='$(AM_DEFAULT_VERBOSITY)'
AM_DEFAULT_VERBOSITY='0'
AM_V='$(V)'
AR='ar'
AUTOCONF='${SHELL} '\''/home/chokyungsoo/TinyIoT_COAP/source/server/libcoap/missing'\'' autoconf'
AUTOHEADER='${SHELL} '\''/home/chokyungsoo/TinyIoT_COAP/source/server/libcoap/missing'\'' autoheader'
AUTOMAKE='${SHELL} '\''/home/chokyungsoo/TinyIoT_COAP/source/server/libcoap/missing'\'' automake-1.16'
AWK='mawk'
BUILD_ADD_DEFAULT_NAMES_FALSE=''
BUILD_ADD_DEFAULT_NAMES_TRUE=''
BUILD_DOCUMENTATION_FALSE='#'
BUILD_DOCUMENTATION_TRUE=''
BUILD_DOXYGEN_FALSE=''
BUILD_DOXYGEN_TRUE=''
BUILD_EXAMPLES_FALSE=''
BUILD_EXAMPLES_SOURCE_FALSE=''
BUILD_EXAMPLES_SOURCE_TRUE=''
BUILD_EXAMPLES_TRUE=''
BUILD_LICENSE_INSTALL_FALSE=''
BUILD_LICENSE_INSTALL_TRUE=''
BUILD_MANPAGES_FALSE=''
BUILD_MANPAGES_TRUE=''
CC='gcc'
CCDEPMODE='depmode=gcc3'
CFLAGS='-g -O2 -fdiagnostics-color'
COAP_DISABLE_TCP=''
COAP_OSCORE_SUPPORT_FALSE=''
COAP_OSCORE_SUPPORT_TRUE=''
COAP_WS_SUPPORT=''
CPPFLAGS=''
CSCOPE='cscope'
CTAGS='ctags'
CTAGS_PROG=''
CUNIT_CFLAGS=''
CUNIT_LIBS=''
CYGPATH_W='echo'
DEFS=''
DEPDIR='.deps'
DLLTOOL='false'
DOLLAR_SIGN=''
DOT=''
DOXYGEN=''
DSYMUTIL=''
DTLS_CFLAGS=''
DTLS_LIBS=''
DUMPBIN=''
ECHO_C=''
ECHO_N='-n'
ECHO_T=''
EGREP='/usr/bin/grep -E'
ETAGS='etags'
EXEEXT=''
FGREP='/usr/bin/grep -F'
GREP='/usr/bin/grep'
GnuTLS_CFLAGS=''
GnuTLS_LIBS=''
HAVE_CLIENT_SUPPORT_FALSE=''
HAVE_CLIENT_SUPPORT_TRUE=''
HAVE_CUNIT_FALSE=''
HAVE_CUNIT_TRUE=''
HAVE_DOT=''
HAVE_DOXYGEN_FALSE=''
HAVE_DOXYGEN_TRUE=''
HAVE_NOTLS_FALSE=''
HAVE_NOTLS_TRUE=''
HAVE_SERVER_SUPPORT_FALSE=''
HAVE_SERVER_SUPPORT_TRUE=''
INSTALL_DATA='${INSTALL} -m 644'
INSTALL_PROGRAM='${INSTALL}'
INSTALL_SCRIPT='${INSTALL}'
INSTALL_STRIP_PROGRAM='$(install_sh) -c -s'
LD='/usr/bin/ld -m elf_x86_64'
LDFLAGS=''
LIBCOAP_ABI_VERSION='3.1.1'
LIBCOAP_API_VERSION='3'
LIBCOAP_DTLS_LIB_EXTENSION_NAME=''
LIBCOAP_NAME_SUFFIX=''
LIBCOAP_SO_VERSION='4.1.1'
LIBCOAP_VERSION='4003004'
LIBOBJS=''
LIBS=''
LIBTOOL='$(SHELL) $(top_builddir)/libtool'
LIPO=''
LN_S='ln -s'
LTLIBOBJS=''
LT_LIBCOAP_AGE='1'
LT_LIBCOAP_CURRENT='4'
LT_LIBCOAP_REVISION='1'
LT_SYS_LIBRARY_PATH=''
MAKEINFO='${SHELL} '\''/home/chokyungsoo/TinyIoT_COAP/source/server/libcoap/missing'\'' makeinfo'
MANIFEST_TOOL=':'
MKDIR_P='/usr/bin/mkdir -p'
NM='/usr/bin/nm -B'
NMEDIT=''
OBJDUMP='objdump'
OBJEXT='o'
OTOOL64=''
OTOOL=''
OpenSSL_CFLAGS=''
OpenSSL_LIBS=''
PACKAGE='libcoap'
PACKAGE_BUGREPORT='libcoap-developers@lists.sourceforge.net'
PACKAGE_NAME='libcoap'
PACKAGE_STRING='libcoap 4.3.4'
PACKAGE_TARNAME='libcoap'
PACKAGE_URL='https://libcoap.net/'
PACKAGE_VERSION='4.3.4'
PATH_SEPARATOR=':'
PKG_CONFIG='/usr/bin/pkg-config'
PKG_CONFIG_LIBDIR=''
PKG_CONFIG_PATH=''
PREDEFINED_CFLAGS=''
RANLIB='ranlib'
SED='/usr/bin/sed'
SET_MAKE=''
SHELL='/bin/bash'
STRIP='strip'
TinyDTLS_CFLAGS=''
TinyDTLS_LIBS=''
USE_CALL_GRAPH=''
VERSION='4.3.4'
WARNING_CFLAGS='-pedantic -Wall -Wcast-qual -Wextra -Wformat-security -Winline -Wmissing-declarations -Wmissing-prototypes -Wnested-externs -Wpointer-arith -Wshadow -Wstrict-prototypes -Wswitch-default -Wswitch-enum -Wunused -Wwrite-strings  -Wlogical-op -Wunused-result'
ac_ct_AR='ar'
ac_ct_CC='gcc'
ac_ct_DUMPBIN=''
am__EXEEXT_FALSE=''
am__EXEEXT_TRUE=''
am__fastdepCC_FALSE='#'
am__fastdepCC_TRUE=''
am__include='include'
am__isrc=''
am__leading_dot='.'
am__nodep='_no'
am__quote=''
am__tar='$${TAR-tar} chof - "$$tardir"'
am__untar='$${TAR-tar} xf -'
bindir='${exec_prefix}/bin'
build='x86_64-pc-linux-gnu'
build_alias=''
build_cpu='x86_64'
build_os='linux-gnu'
build_vendor='pc'
datadir='${datarootdir}'
datarootdir='${prefix}/share'
docdir='${datarootdir}/doc/${PACKAGE_TARNAME}'
dvidir='${docdir}'
exec_prefix='NONE'
host='x86_64-pc-linux-gnu'
host_alias=''
host_cpu='x86_64'
host_os='linux-gnu'
host_vendor='pc'
htmldir='${docdir}'
includedir='${prefix}/include'
infodir='${datarootdir}/info'
install_sh='${SHELL} /home/chokyungsoo/TinyIoT_COAP/source/server/libcoap/install-sh'
libcoap_SYMBOLS='-Wl,--version-script=$(srcdir)/libcoap-$(LIBCOAP_API_VERSION).map'
libdir='${exec_prefix}/lib'
libexecdir='${exec_prefix}/libexec'
localedir='${datarootdir}/locale'
localstatedir='${prefix}/var'
mandir='${datarootdir}/man'
mkdir_p='$(MKDIR_P)'
oldincludedir='/usr/include'
pdfdir='${docdir}'
prefix='NONE'
program_transform_name='s,x,x,'
psdir='${docdir}'
runstatedir='${localstatedir}/run'
sbindir='${exec_prefix}/sbin'
sharedstatedir='${prefix}/com'
subdirs=''
sysconfdir='${prefix}/etc'
target_alias=''

## ----------- ##
## confdefs.h. ##
## ----------- ##

/* confdefs.h */
#define PACKAGE_NAME "libcoap"
#define PACKAGE_TARNAME "libcoap"
#define PACKAGE_VERSION "4.3.4"
#define PACKAGE_STRING "libcoap 4.3.4"
#define PACKAGE_BUGREPORT "libcoap-developers@lists.sourceforge.net"
#define PACKAGE_URL "https://libcoap.net/"
#define HAVE_STDIO_H 1
#define HAVE_STDLIB_H 1
#define HAVE_STRING_H 1
#define HAVE_INTTYPES_H 1
#define HAVE_STDINT_H 1
#define HAVE_STRINGS_H 1
#define HAVE_SYS_STAT_H 1
#define HAVE_SYS_TYPES_H 1
#define HAVE_UNISTD_H 1
#define STDC_HEADERS 1
#define HAVE_DLFCN_H 1
#define LT_OBJDIR ".libs/"

configure: exit 1
